# JRE version: OpenJDK Runtime Environment Temurin-17.0.4.1+1 (17.0.4.1+1) (build 17.0.4.1+1)
# Java VM: OpenJDK 64-Bit Server VM Temurin-17.0.4.1+1 (17.0.4.1+1, mixed mode, tiered, compressed oops, compressed class ptrs, parallel gc, windows-amd64)
GC Precious Log:
 CPUs: 8 total, 8 available
 Memory: 16314M
 Large Page Support: Disabled
 NUMA Support: Disabled
 Compressed Oops: Enabled (32-bit)
 Alignments: Space 512K, Generation 512K, Heap 2M
 Heap Min Capacity: 100M
 Heap Initial Capacity: 100M
 Heap Max Capacity: 1G
 Pre-touch: Disabled
 Parallel Workers: 8
Heap:
 PSYoungGen      total 21504K, used 21145K [0x00000000eab00000, 0x00000000ec200000, 0x0000000100000000)
  eden space 20480K, 99% used [0x00000000eab00000,0x00000000ebee7318,0x00000000ebf00000)
  from space 1024K, 74% used [0x00000000ec100000,0x00000000ec1bf238,0x00000000ec200000)
  to   space 1024K, 0% used [0x00000000ec000000,0x00000000ec000000,0x00000000ec100000)
 ParOldGen       total 68608K, used 24013K [0x00000000c0000000, 0x00000000c4300000, 0x00000000eab00000)
  object space 68608K, 35% used [0x00000000c0000000,0x00000000c17735e0,0x00000000c4300000)
 Metaspace       used 40726K, committed 41344K, reserved 1089536K
  class space    used 4155K, committed 4416K, reserved 1048576K
GC Heap History (20 events):
Event: 4.080 GC heap before
{Heap before GC invocations=9 (full 1):
 PSYoungGen      total 25600K, used 25594K [0x00000000eab00000, 0x00000000ec780000, 0x0000000100000000)
  eden space 24064K, 100% used [0x00000000eab00000,0x00000000ec280000,0x00000000ec280000)
  from space 1536K, 99% used [0x00000000ec500000,0x00000000ec67e820,0x00000000ec680000)
  to   space 1024K, 0% used [0x00000000ec680000,0x00000000ec680000,0x00000000ec780000)
 ParOldGen       total 68608K, used 8188K [0x00000000c0000000, 0x00000000c4300000, 0x00000000eab00000)
  object space 68608K, 11% used [0x00000000c0000000,0x00000000c07ff310,0x00000000c4300000)
 Metaspace       used 34412K, committed 35072K, reserved 1081344K
  class space    used 3487K, committed 3776K, reserved 1048576K
}
Event: 4.083 GC heap after
{Heap after GC invocations=9 (full 1):
 PSYoungGen      total 24576K, used 996K [0x00000000eab00000, 0x00000000eca00000, 0x0000000100000000)
  eden space 23552K, 0% used [0x00000000eab00000,0x00000000eab00000,0x00000000ec200000)
  from space 1024K, 97% used [0x00000000ec680000,0x00000000ec779278,0x00000000ec780000)
  to   space 4096K, 0% used [0x00000000ec200000,0x00000000ec200000,0x00000000ec600000)
 ParOldGen       total 68608K, used 10621K [0x00000000c0000000, 0x00000000c4300000, 0x00000000eab00000)
  object space 68608K, 15% used [0x00000000c0000000,0x00000000c0a5f680,0x00000000c4300000)
 Metaspace       used 34412K, committed 35072K, reserved 1081344K
  class space    used 3487K, committed 3776K, reserved 1048576K
}
Event: 4.176 GC heap before
{Heap before GC invocations=10 (full 1):
 PSYoungGen      total 24576K, used 24548K [0x00000000eab00000, 0x00000000eca00000, 0x0000000100000000)
  eden space 23552K, 100% used [0x00000000eab00000,0x00000000ec200000,0x00000000ec200000)
  from space 1024K, 97% used [0x00000000ec680000,0x00000000ec779278,0x00000000ec780000)
  to   space 4096K, 0% used [0x00000000ec200000,0x00000000ec200000,0x00000000ec600000)
 ParOldGen       total 68608K, used 10621K [0x00000000c0000000, 0x00000000c4300000, 0x00000000eab00000)
  object space 68608K, 15% used [0x00000000c0000000,0x00000000c0a5f680,0x00000000c4300000)
 Metaspace       used 34588K, committed 35264K, reserved 1081344K
  class space    used 3506K, committed 3776K, reserved 1048576K
}
Event: 4.178 GC heap after
{Heap after GC invocations=10 (full 1):
 PSYoungGen      total 26112K, used 3044K [0x00000000eab00000, 0x00000000ec880000, 0x0000000100000000)
  eden space 23040K, 0% used [0x00000000eab00000,0x00000000eab00000,0x00000000ec180000)
  from space 3072K, 99% used [0x00000000ec200000,0x00000000ec4f93b8,0x00000000ec500000)
  to   space 3584K, 0% used [0x00000000ec500000,0x00000000ec500000,0x00000000ec880000)
 ParOldGen       total 68608K, used 10978K [0x00000000c0000000, 0x00000000c4300000, 0x00000000eab00000)
  object space 68608K, 16% used [0x00000000c0000000,0x00000000c0ab8978,0x00000000c4300000)
 Metaspace       used 34588K, committed 35264K, reserved 1081344K
  class space    used 3506K, committed 3776K, reserved 1048576K
}
Event: 4.242 GC heap before
{Heap before GC invocations=11 (full 1):
 PSYoungGen      total 26112K, used 26084K [0x00000000eab00000, 0x00000000ec880000, 0x0000000100000000)
  eden space 23040K, 100% used [0x00000000eab00000,0x00000000ec180000,0x00000000ec180000)
  from space 3072K, 99% used [0x00000000ec200000,0x00000000ec4f93b8,0x00000000ec500000)
  to   space 3584K, 0% used [0x00000000ec500000,0x00000000ec500000,0x00000000ec880000)
 ParOldGen       total 68608K, used 10978K [0x00000000c0000000, 0x00000000c4300000, 0x00000000eab00000)
  object space 68608K, 16% used [0x00000000c0000000,0x00000000c0ab8978,0x00000000c4300000)
 Metaspace       used 34670K, committed 35328K, reserved 1081344K
  class space    used 3518K, committed 3776K, reserved 1048576K
}
Event: 4.246 GC heap after
{Heap after GC invocations=11 (full 1):
 PSYoungGen      total 24064K, used 3552K [0x00000000eab00000, 0x00000000ecd00000, 0x0000000100000000)
  eden space 20480K, 0% used [0x00000000eab00000,0x00000000eab00000,0x00000000ebf00000)
  from space 3584K, 99% used [0x00000000ec500000,0x00000000ec878010,0x00000000ec880000)
  to   space 6144K, 0% used [0x00000000ebf00000,0x00000000ebf00000,0x00000000ec500000)
 ParOldGen       total 68608K, used 13027K [0x00000000c0000000, 0x00000000c4300000, 0x00000000eab00000)
  object space 68608K, 18% used [0x00000000c0000000,0x00000000c0cb8f58,0x00000000c4300000)
 Metaspace       used 34670K, committed 35328K, reserved 1081344K
  class space    used 3518K, committed 3776K, reserved 1048576K
}
Event: 4.279 GC heap before
{Heap before GC invocations=12 (full 1):
 PSYoungGen      total 24064K, used 24032K [0x00000000eab00000, 0x00000000ecd00000, 0x0000000100000000)
  eden space 20480K, 100% used [0x00000000eab00000,0x00000000ebf00000,0x00000000ebf00000)
  from space 3584K, 99% used [0x00000000ec500000,0x00000000ec878010,0x00000000ec880000)
  to   space 6144K, 0% used [0x00000000ebf00000,0x00000000ebf00000,0x00000000ec500000)
 ParOldGen       total 68608K, used 13027K [0x00000000c0000000, 0x00000000c4300000, 0x00000000eab00000)
  object space 68608K, 18% used [0x00000000c0000000,0x00000000c0cb8f58,0x00000000c4300000)
 Metaspace       used 34670K, committed 35328K, reserved 1081344K
  class space    used 3518K, committed 3776K, reserved 1048576K
}
Event: 4.283 GC heap after
{Heap after GC invocations=12 (full 1):
 PSYoungGen      total 23040K, used 2336K [0x00000000eab00000, 0x00000000ec600000, 0x0000000100000000)
  eden space 20480K, 0% used [0x00000000eab00000,0x00000000eab00000,0x00000000ebf00000)
  from space 2560K, 91% used [0x00000000ebf00000,0x00000000ec148000,0x00000000ec180000)
  to   space 3584K, 0% used [0x00000000ec280000,0x00000000ec280000,0x00000000ec600000)
 ParOldGen       total 68608K, used 16610K [0x00000000c0000000, 0x00000000c4300000, 0x00000000eab00000)
  object space 68608K, 24% used [0x00000000c0000000,0x00000000c1038b20,0x00000000c4300000)
 Metaspace       used 34670K, committed 35328K, reserved 1081344K
  class space    used 3518K, committed 3776K, reserved 1048576K
}
Event: 4.320 GC heap before
{Heap before GC invocations=13 (full 1):
 PSYoungGen      total 23040K, used 22816K [0x00000000eab00000, 0x00000000ec600000, 0x0000000100000000)
  eden space 20480K, 100% used [0x00000000eab00000,0x00000000ebf00000,0x00000000ebf00000)
  from space 2560K, 91% used [0x00000000ebf00000,0x00000000ec148000,0x00000000ec180000)
  to   space 3584K, 0% used [0x00000000ec280000,0x00000000ec280000,0x00000000ec600000)
 ParOldGen       total 68608K, used 16610K [0x00000000c0000000, 0x00000000c4300000, 0x00000000eab00000)
  object space 68608K, 24% used [0x00000000c0000000,0x00000000c1038b20,0x00000000c4300000)
 Metaspace       used 34670K, committed 35328K, reserved 1081344K
  class space    used 3518K, committed 3776K, reserved 1048576K
}
Event: 4.323 GC heap after
{Heap after GC invocations=13 (full 1):
 PSYoungGen      total 23040K, used 2496K [0x00000000eab00000, 0x00000000ec500000, 0x0000000100000000)
  eden space 20480K, 0% used [0x00000000eab00000,0x00000000eab00000,0x00000000ebf00000)
  from space 2560K, 97% used [0x00000000ec280000,0x00000000ec4f0010,0x00000000ec500000)
  to   space 3072K, 0% used [0x00000000ebf00000,0x00000000ebf00000,0x00000000ec200000)
 ParOldGen       total 68608K, used 18842K [0x00000000c0000000, 0x00000000c4300000, 0x00000000eab00000)
  object space 68608K, 27% used [0x00000000c0000000,0x00000000c1266b20,0x00000000c4300000)
 Metaspace       used 34670K, committed 35328K, reserved 1081344K
  class space    used 3518K, committed 3776K, reserved 1048576K
}
Event: 4.423 GC heap before
{Heap before GC invocations=14 (full 1):
 PSYoungGen      total 23040K, used 18534K [0x00000000eab00000, 0x00000000ec500000, 0x0000000100000000)
  eden space 20480K, 78% used [0x00000000eab00000,0x00000000ebaa9b10,0x00000000ebf00000)
  from space 2560K, 97% used [0x00000000ec280000,0x00000000ec4f0010,0x00000000ec500000)
  to   space 3072K, 0% used [0x00000000ebf00000,0x00000000ebf00000,0x00000000ec200000)
 ParOldGen       total 68608K, used 18842K [0x00000000c0000000, 0x00000000c4300000, 0x00000000eab00000)
  object space 68608K, 27% used [0x00000000c0000000,0x00000000c1266b20,0x00000000c4300000)
 Metaspace       used 35258K, committed 35840K, reserved 1089536K
  class space    used 3575K, committed 3840K, reserved 1048576K
}
Event: 4.425 GC heap after
{Heap after GC invocations=14 (full 1):
 PSYoungGen      total 23040K, used 2380K [0x00000000eab00000, 0x00000000ec400000, 0x0000000100000000)
  eden space 20480K, 0% used [0x00000000eab00000,0x00000000eab00000,0x00000000ebf00000)
  from space 2560K, 92% used [0x00000000ebf00000,0x00000000ec1532b8,0x00000000ec180000)
  to   space 2560K, 0% used [0x00000000ec180000,0x00000000ec180000,0x00000000ec400000)
 ParOldGen       total 68608K, used 21226K [0x00000000c0000000, 0x00000000c4300000, 0x00000000eab00000)
  object space 68608K, 30% used [0x00000000c0000000,0x00000000c14bab30,0x00000000c4300000)
 Metaspace       used 35258K, committed 35840K, reserved 1089536K
  class space    used 3575K, committed 3840K, reserved 1048576K
}
Event: 4.425 GC heap before
{Heap before GC invocations=15 (full 2):
 PSYoungGen      total 23040K, used 2380K [0x00000000eab00000, 0x00000000ec400000, 0x0000000100000000)
  eden space 20480K, 0% used [0x00000000eab00000,0x00000000eab00000,0x00000000ebf00000)
  from space 2560K, 92% used [0x00000000ebf00000,0x00000000ec1532b8,0x00000000ec180000)
  to   space 2560K, 0% used [0x00000000ec180000,0x00000000ec180000,0x00000000ec400000)
 ParOldGen       total 68608K, used 21226K [0x00000000c0000000, 0x00000000c4300000, 0x00000000eab00000)
  object space 68608K, 30% used [0x00000000c0000000,0x00000000c14bab30,0x00000000c4300000)
 Metaspace       used 35258K, committed 35840K, reserved 1089536K
  class space    used 3575K, committed 3840K, reserved 1048576K
}
Event: 4.449 GC heap after
{Heap after GC invocations=15 (full 2):
 PSYoungGen      total 23040K, used 0K [0x00000000eab00000, 0x00000000ec400000, 0x0000000100000000)
  eden space 20480K, 0% used [0x00000000eab00000,0x00000000eab00000,0x00000000ebf00000)
  from space 2560K, 0% used [0x00000000ebf00000,0x00000000ebf00000,0x00000000ec180000)
  to   space 2560K, 0% used [0x00000000ec180000,0x00000000ec180000,0x00000000ec400000)
 ParOldGen       total 68608K, used 22735K [0x00000000c0000000, 0x00000000c4300000, 0x00000000eab00000)
  object space 68608K, 33% used [0x00000000c0000000,0x00000000c1633eb8,0x00000000c4300000)
 Metaspace       used 35258K, committed 35840K, reserved 1089536K
  class space    used 3575K, committed 3840K, reserved 1048576K
}
Event: 4.714 GC heap before
{Heap before GC invocations=16 (full 2):
 PSYoungGen      total 23040K, used 20480K [0x00000000eab00000, 0x00000000ec400000, 0x0000000100000000)
  eden space 20480K, 100% used [0x00000000eab00000,0x00000000ebf00000,0x00000000ebf00000)
  from space 2560K, 0% used [0x00000000ebf00000,0x00000000ebf00000,0x00000000ec180000)
  to   space 2560K, 0% used [0x00000000ec180000,0x00000000ec180000,0x00000000ec400000)
 ParOldGen       total 68608K, used 22735K [0x00000000c0000000, 0x00000000c4300000, 0x00000000eab00000)
  object space 68608K, 33% used [0x00000000c0000000,0x00000000c1633eb8,0x00000000c4300000)
 Metaspace       used 37345K, committed 38016K, reserved 1089536K
  class space    used 3830K, committed 4096K, reserved 1048576K
}
Event: 4.714 GC heap after
{Heap after GC invocations=16 (full 2):
 PSYoungGen      total 21504K, used 698K [0x00000000eab00000, 0x00000000ec280000, 0x0000000100000000)
  eden space 20480K, 0% used [0x00000000eab00000,0x00000000eab00000,0x00000000ebf00000)
  from space 1024K, 68% used [0x00000000ec180000,0x00000000ec22eac0,0x00000000ec280000)
  to   space 1536K, 0% used [0x00000000ebf80000,0x00000000ebf80000,0x00000000ec100000)
 ParOldGen       total 68608K, used 22743K [0x00000000c0000000, 0x00000000c4300000, 0x00000000eab00000)
  object space 68608K, 33% used [0x00000000c0000000,0x00000000c1635eb8,0x00000000c4300000)
 Metaspace       used 37345K, committed 38016K, reserved 1089536K
  class space    used 3830K, committed 4096K, reserved 1048576K
}
Event: 5.060 GC heap before
{Heap before GC invocations=17 (full 2):
 PSYoungGen      total 21504K, used 21178K [0x00000000eab00000, 0x00000000ec280000, 0x0000000100000000)
  eden space 20480K, 100% used [0x00000000eab00000,0x00000000ebf00000,0x00000000ebf00000)
  from space 1024K, 68% used [0x00000000ec180000,0x00000000ec22eac0,0x00000000ec280000)
  to   space 1536K, 0% used [0x00000000ebf80000,0x00000000ebf80000,0x00000000ec100000)
 ParOldGen       total 68608K, used 22743K [0x00000000c0000000, 0x00000000c4300000, 0x00000000eab00000)
  object space 68608K, 33% used [0x00000000c0000000,0x00000000c1635eb8,0x00000000c4300000)
 Metaspace       used 38822K, committed 39488K, reserved 1089536K
  class space    used 3965K, committed 4224K, reserved 1048576K
}
Event: 5.061 GC heap after
{Heap after GC invocations=17 (full 2):
 PSYoungGen      total 22016K, used 1464K [0x00000000eab00000, 0x00000000ec300000, 0x0000000100000000)
  eden space 20480K, 0% used [0x00000000eab00000,0x00000000eab00000,0x00000000ebf00000)
  from space 1536K, 95% used [0x00000000ebf80000,0x00000000ec0ee2a0,0x00000000ec100000)
  to   space 2048K, 0% used [0x00000000ec100000,0x00000000ec100000,0x00000000ec300000)
 ParOldGen       total 68608K, used 23349K [0x00000000c0000000, 0x00000000c4300000, 0x00000000eab00000)
  object space 68608K, 34% used [0x00000000c0000000,0x00000000c16cd460,0x00000000c4300000)
 Metaspace       used 38822K, committed 39488K, reserved 1089536K
  class space    used 3965K, committed 4224K, reserved 1048576K
}
Event: 5.109 GC heap before
{Heap before GC invocations=18 (full 2):
 PSYoungGen      total 22016K, used 21944K [0x00000000eab00000, 0x00000000ec300000, 0x0000000100000000)
  eden space 20480K, 100% used [0x00000000eab00000,0x00000000ebf00000,0x00000000ebf00000)
  from space 1536K, 95% used [0x00000000ebf80000,0x00000000ec0ee2a0,0x00000000ec100000)
  to   space 2048K, 0% used [0x00000000ec100000,0x00000000ec100000,0x00000000ec300000)
 ParOldGen       total 68608K, used 23349K [0x00000000c0000000, 0x00000000c4300000, 0x00000000eab00000)
  object space 68608K, 34% used [0x00000000c0000000,0x00000000c16cd460,0x00000000c4300000)
 Metaspace       used 38872K, committed 39552K, reserved 1089536K
  class space    used 3966K, committed 4224K, reserved 1048576K
}
Event: 5.110 GC heap after
{Heap after GC invocations=18 (full 2):
 PSYoungGen      total 21504K, used 764K [0x00000000eab00000, 0x00000000ec200000, 0x0000000100000000)
  eden space 20480K, 0% used [0x00000000eab00000,0x00000000eab00000,0x00000000ebf00000)
  from space 1024K, 74% used [0x00000000ec100000,0x00000000ec1bf238,0x00000000ec200000)
  to   space 1024K, 0% used [0x00000000ec000000,0x00000000ec000000,0x00000000ec100000)
 ParOldGen       total 68608K, used 24013K [0x00000000c0000000, 0x00000000c4300000, 0x00000000eab00000)
  object space 68608K, 35% used [0x00000000c0000000,0x00000000c17735e0,0x00000000c4300000)
 Metaspace       used 38872K, committed 39552K, reserved 1089536K
  class space    used 3966K, committed 4224K, reserved 1048576K
}

